<?xml version="1.0" encoding="UTF-8"?>
<!-- Generated by org.testng.reporters.JUnitXMLReporter -->
<testsuite ignored="1" hostname="LAPTOP-2Q47I0S4" failures="0" tests="2" name="Default test" time="0.979" errors="0" timestamp="2021-01-08T11:00:40 IST">
  <testcase classname="excel.readExcelHashMap.ExcelDataTest" name="testExcelHashMapError" time="0.759"/>
  <testcase classname="excel.readExcelHashMap.ExcelDataTest" name="testExcelHashMap" time="0.173"/>
  <testcase classname="excel.readExcelHashMap.ExcelDataTest" name="testExcelDataError" time="0.0">
    <ignored/>
  </testcase> <!-- testExcelDataError -->
</testsuite> <!-- Default test -->
