<?xml version="1.0" encoding="UTF-8"?>
<!-- Generated by org.testng.reporters.JUnitXMLReporter -->
<testsuite ignored="3" hostname="LAPTOP-2Q47I0S4" failures="0" tests="1" name="Test" time="0.89" errors="0" timestamp="2021-01-13T10:24:16 IST">
  <testcase classname="excel.readExcelHashMap.ExcelDataTest" name="testExcelHashMapSingleMethod" time="0.835"/>
  <testcase classname="excel.readExcelHashMap.ExcelDataTest" name="outSideBasePage" time="0.0">
    <ignored/>
  </testcase> <!-- outSideBasePage -->
  <testcase classname="excel.readExcelHashMap.ExcelDataTest" name="testExcelHashMapTwoMethods" time="0.0">
    <ignored/>
  </testcase> <!-- testExcelHashMapTwoMethods -->
  <testcase classname="excel.readExcelHashMap.ExcelDataTest" name="testExcelDataUsingArrays" time="0.0">
    <ignored/>
  </testcase> <!-- testExcelDataUsingArrays -->
</testsuite> <!-- Test -->
