<?xml version="1.0" encoding="UTF-8"?>
<testng-results ignored="3" total="4" passed="1" failed="0" skipped="0">
  <reporter-output>
  </reporter-output>
  <suite started-at="2021-01-13T10:24:15 IST" name="Suite" finished-at="2021-01-13T10:24:16 IST" duration-ms="890">
    <groups>
    </groups>
    <test started-at="2021-01-13T10:24:15 IST" name="Test" finished-at="2021-01-13T10:24:16 IST" duration-ms="890">
      <class name="excel.readExcelHashMap.ExcelDataTest">
        <test-method signature="testExcelHashMapSingleMethod()[pri:2, instance:excel.readExcelHashMap.ExcelDataTest@7c1e2a9e]" started-at="2021-01-13T10:24:16 IST" name="testExcelHashMapSingleMethod" finished-at="2021-01-13T10:24:16 IST" duration-ms="835" status="PASS">
          <reporter-output>
          </reporter-output>
        </test-method> <!-- testExcelHashMapSingleMethod -->
      </class> <!-- excel.readExcelHashMap.ExcelDataTest -->
    </test> <!-- Test -->
  </suite> <!-- Suite -->
</testng-results>
